============================= test session starts ==============================
platform darwin -- Python 3.14.2, pytest-9.0.2, pluggy-1.6.0
rootdir: /Users/yuji/projecrs/onboarding_final/backend
plugins: anyio-4.12.1, cov-7.0.0
collected 12 items

tests/test_api_todo.py ......                                            [ 50%]
tests/test_crud_func.py .....                                            [ 91%]
tests/test_validation.py .                                               [100%]

================================ tests coverage ================================
_______________ coverage: platform darwin, python 3.14.2-final-0 _______________

Name                       Stmts   Miss  Cover
----------------------------------------------
app/__init__.py                0      0   100%
app/api/todos.py              33      1    97%
app/core/database.py          13      6    54%
app/crud/create_todo.py        9      0   100%
app/crud/delete_todo.py       10      0   100%
app/crud/get_todos.py          9      0   100%
app/crud/update_todo.py       14      0   100%
app/models/__init__.py         0      0   100%
app/models/todo.py            14      0   100%
app/schemas/todo.py           24      0   100%
main.py                       17      1    94%
tests/conftest.py             35      0   100%
tests/test_api_todo.py        31      0   100%
tests/test_crud_func.py       46      0   100%
tests/test_validation.py      11      0   100%
----------------------------------------------
TOTAL                        266      8    97%
============================== 12 passed in 0.06s ==============================
